---------------------------------------------------------------------------------------------------------------------------------------------------------------------------------------------------------------------------------------------------------------------------------------------
Detailed RTL Component Info :
-----Module Name :
                    HDMI_IN_DDR3_sobel_top

-----Multipliers :
                    8 x 5     Multipliers := 2
                    8 x 6     Multipliers := 1
                    8 x 7     Multipliers := 4
                    16 x 5     Multipliers := 4
                    16 x 7     Multipliers := 4
                    24 x 3     Multipliers := 1
                    24 x 4     Multipliers := 1

-----Adders :

APM: Final Mapping Report
|-----------------------------|---------------------------------------|--------------|--------------|---------|---------|---------|---------|---------|---------|---------|---------|--------------|--------------|--------------|--------------|--------------|--------------|
| APM Inst Name               | APM Cascade                           | X Size       | Y Size       | Z Size  | XB Size | P Size  | X_REG   | Y_REG   | Z_REG   | XB_REG  | P_REG   | MULT_REG     | PREADD_REG   | USE_PREADD   | USE_POSTADD  | USE_MULT     | Primitives   |
|-----------------------------|---------------------------------------|--------------|--------------|---------|---------|---------|---------|---------|---------|---------|---------|--------------|--------------|--------------|--------------|--------------|--------------|
| u_plate_edge_box/N11709     | /                                     | 16(unsigned) | 5(unsigned)  | /       | /       | 21      | 1       | 0       | /       | /       | 0       | 0            | 0            | 0            | 0            | 1            | GTP_APM_E2   |
|-----------------------------|---------------------------------------|--------------|--------------|---------|---------|---------|---------|---------|---------|---------|---------|--------------|--------------|--------------|--------------|--------------|--------------|
| u_plate_color_center/N536   | /                                     | 13(signed)   | 3(unsigned)  | /       | /       | 17      | 0       | 0       | /       | /       | 0       | 1            | 0            | 0            | 0            | 1            | GTP_APM_E2   |
|-----------------------------|---------------------------------------|--------------|--------------|---------|---------|---------|---------|---------|---------|---------|---------|--------------|--------------|--------------|--------------|--------------|--------------|
| u_plate_edge_box/N11697     | /                                     | 16(unsigned) | 5(unsigned)  | /       | /       | 21      | 1       | 0       | /       | /       | 0       | 0            | 0            | 0            | 0            | 1            | GTP_APM_E2   |
|-----------------------------|---------------------------------------|--------------|--------------|---------|---------|---------|---------|---------|---------|---------|---------|--------------|--------------|--------------|--------------|--------------|--------------|
| u_plate_color_center/N530   | /                                     | 13(signed)   | 2(unsigned)  | /       | /       | 16      | 0       | 0       | /       | /       | 0       | 1            | 0            | 0            | 0            | 1            | GTP_APM_E2   |
|-----------------------------|---------------------------------------|--------------|--------------|---------|---------|---------|---------|---------|---------|---------|---------|--------------|--------------|--------------|--------------|--------------|--------------|
| u_plate_edge_box/N11714     | /                                     | 16(unsigned) | 7(unsigned)  | /       | /       | 23      | 1       | 0       | /       | /       | 0       | 0            | 0            | 0            | 0            | 1            | GTP_APM_E2   |
|-----------------------------|---------------------------------------|--------------|--------------|---------|---------|---------|---------|---------|---------|---------|---------|--------------|--------------|--------------|--------------|--------------|--------------|
| u_plate_edge_box/N11702     | /                                     | 16(unsigned) | 7(unsigned)  | /       | /       | 23      | 1       | 0       | /       | /       | 0       | 0            | 0            | 0            | 0            | 1            | GTP_APM_E2   |
|-----------------------------|---------------------------------------|--------------|--------------|---------|---------|---------|---------|---------|---------|---------|---------|--------------|--------------|--------------|--------------|--------------|--------------|

---------------------------------------------------------------------------------------------------------------------------------------------------------------------------------------------------------------------------------------------------------------------------------------------

--------------------------------------------------------------------------------------------------------------------------------------------------------------------------------------------------------------------------------------------------------------------------------------------------------------
Detailed RTL Component Info :
-----Module Name :
                    HDMI_IN_DDR3_sobel_top

-----ROMs :
            1K Bit    (64 x 20 bit)          ROMs := 1
            2K Bit    (256 x 8 bit)          ROMs := 3
            10K Bit    (512 x 20 bit)          ROMs := 1

-----RAMs :
            32 Bit    (16 x 2 bit)          RAMs := 1
            688 Bit    (16 x 43 bit)          RAMs := 2
            24K Bit    (2048 x 12 bit)          RAMs := 3
            32K Bit    (2048 x 16 bit)          RAMs := 1

Distributed RAM and Block RAM: Final Mapping Report
|-------------------------------------------------------------------------------------------------------------------------------------------------------------------------------------|------------------------|-------------------|---------|
| DPRAM Inst Name                                                                                                                                                                     | Size (Depth x Width)   | Primitives        | Count   |
|-------------------------------------------------------------------------------------------------------------------------------------------------------------------------------------|------------------------|-------------------|---------|
| u_ddr3_test_h/u_ips_ddrc_top/mcdq_dcp_top/mcdq_dcp_buf/A_ips2l_distributed_fifo/u_ips2l_distributed_fifo_distributed_fifo_v1_0/ips2l_distributed_sdpram_distributed_fifo_v1_0/mem   | 16 x 43                |                   |         |
|                                                                                                                                                                                     | 16 x 1                 | GTP_RAM32X1DP     | 1       |
|                                                                                                                                                                                     | 16 x 2                 | GTP_RAM32X2DP     | 21      |
|-------------------------------------------------------------------------------------------------------------------------------------------------------------------------------------|------------------------|-------------------|---------|
| u_ddr3_test_h/u_ips_ddrc_top/mcdq_dcp_top/mcdq_dcp_buf/B_ips2l_distributed_fifo/u_ips2l_distributed_fifo_distributed_fifo_v1_0/ips2l_distributed_sdpram_distributed_fifo_v1_0/mem   | 16 x 43                |                   |         |
|                                                                                                                                                                                     | 16 x 1                 | GTP_RAM32X1DP     | 1       |
|                                                                                                                                                                                     | 16 x 2                 | GTP_RAM32X2DP     | 21      |
|-------------------------------------------------------------------------------------------------------------------------------------------------------------------------------------|------------------------|-------------------|---------|
| u_ddr3_test_h/u_ips_ddrc_top/mcdq_wdatapath/ips_distributed_fifo/u_ips2l_distributed_fifo_distributed_fifo_v1_0/ips2l_distributed_sdpram_distributed_fifo_v1_0/mem                  | 16 x 2                 |                   |         |
|                                                                                                                                                                                     | 16 x 2                 | GTP_RAM32X2DP     | 1       |
|-------------------------------------------------------------------------------------------------------------------------------------------------------------------------------------|------------------------|-------------------|---------|
| u_gamma_b/gamma_data                                                                                                                                                                | 256 x 8                |                   |         |
|                                                                                                                                                                                     | 256 x 1                | GTP_ROM256X1      | 8       |
|-------------------------------------------------------------------------------------------------------------------------------------------------------------------------------------|------------------------|-------------------|---------|
| u_gamma_g/gamma_data                                                                                                                                                                | 256 x 8                |                   |         |
|                                                                                                                                                                                     | 256 x 1                | GTP_ROM256X1      | 8       |
|-------------------------------------------------------------------------------------------------------------------------------------------------------------------------------------|------------------------|-------------------|---------|
| u_gamma_r/gamma_data                                                                                                                                                                | 256 x 8                |                   |         |
|                                                                                                                                                                                     | 256 x 1                | GTP_ROM256X1      | 8       |
|-------------------------------------------------------------------------------------------------------------------------------------------------------------------------------------|------------------------|-------------------|---------|
| u_plate_color_center/col_ram                                                                                                                                                        | 2048 x 12              |                   |         |
|                                                                                                                                                                                     | 64 x 1                 | GTP_RAM64X1DP     | 384     |
|-------------------------------------------------------------------------------------------------------------------------------------------------------------------------------------|------------------------|-------------------|---------|
| u_plate_edge_box/row_proj                                                                                                                                                           | 2048 x 16              |                   |         |
|                                                                                                                                                                                     | 64 x 1                 | GTP_RAM64X1DP     | 512     |
|-------------------------------------------------------------------------------------------------------------------------------------------------------------------------------------|------------------------|-------------------|---------|

|---------------------------------------------|------------------------|-------------------|-------------------|-------------------|-------------------|
| Inst Name                                   | Size (Depth x Width)   | Write_Mode_A      | Write_Mode_B      | Ram_Mode          | Primitives        |
|---------------------------------------------|------------------------|-------------------|-------------------|-------------------|-------------------|
| ms72xx_ctl/U1_ms7200_ctl/N1219_3_concat_3   | 512 x 20               |                   |                   |                   |                   |
|                          N1219_3_concat_3   | 512 x 20               | NORMAL_WRITE      | /                 | SINGLE_PORT       | GTP_DRM18K_E1     |
|---------------------------------------------|------------------------|-------------------|-------------------|-------------------|-------------------|
| ms72xx_ctl/U2_ms7210_ctl/N325_2_concat_2    | 64 x 20                |                   |                   |                   |                   |
|                          N325_2_concat_2    | 64 x 20                | NORMAL_WRITE      | /                 | SINGLE_PORT       | GTP_DRM18K_E1     |
|---------------------------------------------|------------------------|-------------------|-------------------|-------------------|-------------------|
| u_plate_color_center/col_ram_1              | 2 K x 12               |                   |                   |                   |                   |
|                      col_ram_1              | 2 K x 12               | NORMAL_WRITE      | NORMAL_WRITE      | SIMPLE_DUAL_PORT  | GTP_DRM36K_E1     |
|---------------------------------------------|------------------------|-------------------|-------------------|-------------------|-------------------|
| u_plate_color_center/row_ram                | 2 K x 12               |                   |                   |                   |                   |
|                      row_ram                | 2 K x 12               | NORMAL_WRITE      | NORMAL_WRITE      | SIMPLE_DUAL_PORT  | GTP_DRM36K_E1     |
|---------------------------------------------|------------------------|-------------------|-------------------|-------------------|-------------------|

--------------------------------------------------------------------------------------------------------------------------------------------------------------------------------------------------------------------------------------------------------------------------------------------------------------

